make.exe all --print-data-base --no-builtin-variables --no-builtin-rules --question
# GNU Make 3.82.90
# Built for i686-pc-mingw32
# Copyright (C) 1988-2012 Free Software Foundation, Inc.
# License GPLv3+: GNU GPL version 3 or later <http://gnu.org/licenses/gpl.html>
# This is free software: you are free to change and redistribute it.
# There is NO WARRANTY, to the extent permitted by law.
 

# Make data base, printed on Wed May 04 13:02:04 2022

# Variables

# automatic
<D = $(patsubst %/,%,$(patsubst %\,%,$(dir $<)))
# automatic
?F = $(notdir $?)
# default
.SHELLFLAGS := -c
# makefile
MAKEFLAGS = Rrqp
# environment
VSCODE_LOG_NATIVE = false
# automatic
?D = $(patsubst %/,%,$(patsubst %\,%,$(dir $?)))
# automatic
@D = $(patsubst %/,%,$(patsubst %\,%,$(dir $@)))
# environment
HOMEDRIVE = C:
# automatic
@F = $(notdir $@)
# automatic
^D = $(patsubst %/,%,$(patsubst %\,%,$(dir $^)))
# makefile
CURDIR := c:/Users/anaca/Documents/Calc/anaCarlaQuallioRosaCalc/anaCarlaQuallioRosaCalc
# default
SHELL := sh.exe
# environment
WINDIR = C:\Windows
# environment
VSCODE_NLS_CONFIG = {"locale":"pt-br","availableLanguages":{"*":"pt-br"},"_languagePackId":"44227f601049c951edcdcbe90dfef21e.pt-br","_translationsConfigFile":"C:\\Users\\anaca\\AppData\\Roaming\\Code\\clp\\44227f601049c951edcdcbe90dfef21e.pt-br\\tcf.json","_cacheRoot":"C:\\Users\\anaca\\AppData\\Roaming\\Code\\clp\\44227f601049c951edcdcbe90dfef21e.pt-br","_resolvedLanguagePackCoreLocation":"C:\\Users\\anaca\\AppData\\Roaming\\Code\\clp\\44227f601049c951edcdcbe90dfef21e.pt-br\\dfd34e8260c270da74b5c2d86d61aee4b6d56977","_corruptedFile":"C:\\Users\\anaca\\AppData\\Roaming\\Code\\clp\\44227f601049c951edcdcbe90dfef21e.pt-br\\corrupted.info","_languagePackSupport":true}
# environment
ONEDRIVE = C:\Users\anaca\OneDrive
# environment
PATHEXT = .COM;.EXE;.BAT;.CMD;.VBS;.VBE;.JS;.JSE;.WSF;.WSH;.MSC
# makefile (from 'makefile', line 1)
MAKEFILE_LIST :=  makefile
# environment
FPS_BROWSER_USER_PROFILE_STRING = Default
# environment
TMP = C:\Users\anaca\AppData\Local\Temp
# environment
VSCODE_VERBOSE_LOGGING = true
# environment
PROGRAMW6432 = C:\Program Files
# environment
PROGRAMDATA = C:\ProgramData
# environment
VSCODE_IPC_HOOK_EXTHOST = \\.\pipe\vscode-ipc-c08ca131-4507-42b7-85f9-6a6ed8adda36-sock
# environment
VSCODE_CWD = C:\Users\anaca\AppData\Local\Programs\Microsoft VS Code
# environment
PATH = C:\Program Files (x86)\Common Files\Oracle\Java\javapath;C:\Windows\system32;C:\Windows;C:\Windows\System32\Wbem;C:\Windows\System32\WindowsPowerShell\v1.0\;C:\Windows\System32\OpenSSH\;C:\Program Files\Git\cmd;C:\Users\anaca\anaconda3;C:\Users\anaca\anaconda3\Library\mingw-w64\bin;C:\Users\anaca\anaconda3\Library\usr\bin;C:\Users\anaca\anaconda3\Library\bin;C:\Users\anaca\anaconda3\Scripts;C:\Users\anaca\AppData\Local\Microsoft\WindowsApps;C:\Users\anaca\AppData\Local\Programs\Microsoft VS Code\bin;C:\MinGW\bin;C:\ProgramData\anaca\GitHubDesktop\bin;C:\Users\anaca\AppData\Local\Programs\MiKTeX\miktex\bin\x64\
# environment
COMMONPROGRAMW6432 = C:\Program Files\Common Files
# environment
PROCESSOR_ARCHITECTURE = x86
# environment
USERPROFILE = C:\Users\anaca
# environment
ALLUSERSPROFILE = C:\ProgramData
# environment
VSCODE_LOG_STACK = false
# environment
NUMBER_OF_PROCESSORS = 8
# environment
ELECTRON_RUN_AS_NODE = 1
# default
.FEATURES := target-specific order-only second-expansion else-if shortest-stem undefine oneshell archives jobserver
# automatic
%F = $(notdir $%)
# environment
CHROME_CRASHPAD_PIPE_NAME = \\.\pipe\crashpad_12944_RUSRXQHFRNEMGZIA
# environment
VSCODE_PIPE_LOGGING = true
# environment
COMPUTERNAME = ANNYQUALLIO
# environment
PROGRAMFILES = C:\Program Files (x86)
# environment
DRIVERDATA = C:\Windows\System32\Drivers\DriverData
# environment
ORIGINAL_XDG_CURRENT_DESKTOP = undefined
# environment
USERNAME = anaca
# environment
PUBLIC = C:\Users\Public
# environment
VSCODE_AMD_ENTRYPOINT = vs/workbench/api/node/extensionHostProcess
# environment
VSCODE_CODE_CACHE_PATH = C:\Users\anaca\AppData\Roaming\Code\CachedData\dfd34e8260c270da74b5c2d86d61aee4b6d56977
# environment
APPLICATION_INSIGHTS_NO_DIAGNOSTIC_CHANNEL = 1
# environment
COMMONPROGRAMFILES = C:\Program Files (x86)\Common Files
# environment
LOGONSERVER = \\ANNYQUALLIO
# environment
ONEDRIVECONSUMER = C:\Users\anaca\OneDrive
# environment
VSCODE_HANDLES_UNCAUGHT_ERRORS = true
# environment
USERDOMAIN = ANNYQUALLIO
# environment
MAKELEVEL := 0
# default
MAKE = $(MAKE_COMMAND)
# default
MAKECMDGOALS := all
# default
MAKE_VERSION := 3.82.90
# makefile
.DEFAULT_GOAL := all
# environment
PROGRAMFILES(X86) = C:\Program Files (x86)
# automatic
%D = $(patsubst %/,%,$(patsubst %\,%,$(dir $%)))
# environment
LOCALAPPDATA = C:\Users\anaca\AppData\Local
# environment
PSMODULEPATH = C:\Program Files\WindowsPowerShell\Modules;C:\Windows\system32\WindowsPowerShell\v1.0\Modules
# default
MAKE_COMMAND := make.exe
# environment
PROCESSOR_ARCHITEW6432 = AMD64
# default
.VARIABLES := 
# automatic
*F = $(notdir $*)
# environment
PROCESSOR_IDENTIFIER = AMD64 Family 23 Model 17 Stepping 0, AuthenticAMD
# environment
OS = Windows_NT
# environment
VSCODE_IPC_HOOK = \\.\pipe\b81ecf2b8d71454d4cdce1dc42a8841c-1.66.2-main-sock
# environment
HOMEPATH = \Users\anaca
# environment
COMMONPROGRAMFILES(X86) = C:\Program Files (x86)\Common Files
# environment
PROMPT = $P$G
# environment
MFLAGS = -Rrqp
# automatic
*D = $(patsubst %/,%,$(patsubst %\,%,$(dir $*)))
# environment
SYSTEMROOT = C:\Windows
# automatic
+D = $(patsubst %/,%,$(patsubst %\,%,$(dir $+)))
# automatic
+F = $(notdir $+)
# environment
APPDATA = C:\Users\anaca\AppData\Roaming
# environment
TEMP = C:\Users\anaca\AppData\Local\Temp
# environment
COMSPEC = C:\Windows\system32\cmd.exe
# default
MAKEFILES := 
# automatic
<F = $(notdir $<)
# environment
LC_ALL = C
# automatic
^F = $(notdir $^)
# default
SUFFIXES := 
# environment
SYSTEMDRIVE = C:
# environment
SESSIONNAME = Console
# environment
PROCESSOR_REVISION = 1100
# default
.INCLUDE_DIRS = C:/MinGW/include
# default
.RECIPEPREFIX := 
# environment
LANG = C
# environment
PROCESSOR_LEVEL = 23
# environment
FPS_BROWSER_APP_PROFILE_STRING = Internet Explorer
# environment
VSCODE_PID = 12944
# environment
USERDOMAIN_ROAMINGPROFILE = ANNYQUALLIO
# variable set hash-table stats:
# Load=92/1024=9%, Rehash=0, Collisions=11/114=10%

# Pattern-specific Variable Values

# No pattern-specific variable values.

# Directories

# C:\Windows\System32\WindowsPowerShell\v1.0\ (key C:/Windows/System32/WindowsPowerShell/v1.0/, mtime 1622915765): 
 29 files, no impossibilities.
# . (key c:/Users/anaca/Documents/Calc/anaCarlaQuallioRosaCalc/anaCarlaQuallioRosaCalc, mtime 1651601666): 16 files, no impossibilities.
# C:\Program Files (x86)\Common Files\Oracle\Java\javapath (key C:/Program Files (x86)/Common Files/Oracle/Java/javapath, mtime 1635536604): 5 files, no impossibilities.
# C:\Users\anaca\AppData\Local\Microsoft\WindowsApps (key C:/Users/anaca/AppData/Local/Microsoft/WindowsApps, mtime 1651669774): 24 files, no impossibilities.
# C:\Program Files\Git\cmd (key C:/Program Files/Git/cmd, mtime 1642947387): 8 files, no impossibilities.
# C:\Windows\System32\OpenSSH\: could not be stat'd.
# C:\MinGW\bin (key C:/MinGW/bin, mtime 1636990268): 60 files, no impossibilities.
# C:\Users\anaca\AppData\Local\Programs\Microsoft VS Code\bin (key C:/Users/anaca/AppData/Local/Programs/Microsoft VS Code/bin, mtime 1650562305): 4 files, no impossibilities.
# C:\ProgramData\anaca\GitHubDesktop\bin (key C:/ProgramData/anaca/GitHubDesktop/bin, mtime 1643576671): 4 files, no impossibilities.
# C:\Windows (key C:/Windows, mtime 1650052786): 111 files, no impossibilities.
# C:\Users\anaca\anaconda3 (key C:/Users/anaca/anaconda3, mtime 1637064976): 90 files, no impossibilities.
# C:\Windows\System32\Wbem (key C:/Windows/System32/Wbem, mtime 1643723803): 155 files, no impossibilities.
# C:\Users\anaca\anaconda3\Library\usr\bin: could not be stat'd.
# C:\Users\anaca\AppData\Local\Programs\MiKTeX\miktex\bin\x64\ (key C:/Users/anaca/AppData/Local/Programs/MiKTeX/miktex/bin/x64/, mtime 1643631935): 711 files, no impossibilities.
# C:\Users\anaca\anaconda3\Library\bin (key C:/Users/anaca/anaconda3/Library/bin, mtime 1637064976): 431 files, no impossibilities.
# C:\Windows\system32 (key C:/Windows/system32, mtime 1650204683): 2883 files, no impossibilities.
# C:\Users\anaca\anaconda3\Scripts (key C:/Users/anaca/anaconda3/Scripts, mtime 1637064976): 324 files, no impossibilities.
# C:\Users\anaca\anaconda3\Library\mingw-w64\bin (key C:/Users/anaca/anaconda3/Library/mingw-w64/bin, mtime 1636660929): 15 files, no impossibilities.

# 4870 files, no impossibilities in 18 directories.

# Implicit Rules

# No implicit rules.

# Files

all:
#  Command line target.
#  Implicit rule search has not been done.
#  Implicit/static pattern stem: ''
#  File does not exist.
#  File has been updated.
#  Needs to be updated (-q is set).
# automatic
# @ := all
# automatic
# % := 
# automatic
# * := 
# automatic
# + := 
# automatic
# | := 
# automatic
# < := 
# automatic
# ^ := 
# automatic
# ? := 
# variable set hash-table stats:
# Load=8/32=25%, Rehash=0, Collisions=1/11=9%
#  recipe to execute (from 'makefile', line 2):
	g++ *.cpp -o main.exe
	./main.exe

# Not a target:
.SUFFIXES:
#  Implicit rule search has not been done.
#  Modification time never checked.
#  File has not been updated.

# Not a target:
makefile:
#  Implicit rule search has been done.
#  Last modified 2022-05-03 14:40:58
#  File has been updated.
#  Successfully updated.

# Not a target:
.DEFAULT:
#  Implicit rule search has not been  
done.
#  Modification time never checked.
#  File has not been updated.

# files hash-table stats:
# Load=4/1024=0%, Rehash=0, Collisions=0/16=0%
# VPATH Search Paths

# No 'vpath' search paths.

# No general ('VPATH' variable) search path.

# strcache buffers: 9 (8) / strings = 4696 / storage = 71949 B / avg = 15 B
# current buf: size = 8174 B / used = 6611 B / count = 403 / avg = 16 B
# other used: total = 63775 B / count = 4293 / avg = 14 B
# other free: total = 54 B / max = 13 B / min = 1 B / avg = 6 B

# strcache performance: lookups = 4897 / hit rate = 4%
# hash-table stats:
# Load=4696/8192=57%, Rehash=0, Collisions=2550/4897=52%
# Finished Make data base on Wed May 04 13:02:04 2022

 
